{"C:\\Users\\Lenovo\\Documents\\Loopcrack\\curso-nodejs\\curso-nodejs\\seccion5\\src\\js-foundation\\01-template.ts": {"path":"C:\\Users\\Lenovo\\Documents\\Loopcrack\\curso-nodejs\\curso-nodejs\\seccion5\\src\\js-foundation\\01-template.ts","all":false,"statementMap":{"0":{"start":{"line":1,"column":0},"end":{"line":1,"column":30}},"1":{"start":{"line":2,"column":0},"end":{"line":2,"column":9}},"2":{"start":{"line":3,"column":0},"end":{"line":3,"column":29}},"3":{"start":{"line":4,"column":0},"end":{"line":4,"column":40}},"4":{"start":{"line":5,"column":0},"end":{"line":5,"column":36}},"5":{"start":{"line":6,"column":0},"end":{"line":6,"column":10}},"6":{"start":{"line":7,"column":0},"end":{"line":7,"column":2}}},"s":{"0":1,"1":1,"2":1,"3":1,"4":1,"5":1,"6":1},"branchMap":{},"b":{},"fnMap":{},"f":{}}
,"C:\\Users\\Lenovo\\Documents\\Loopcrack\\curso-nodejs\\curso-nodejs\\seccion5\\src\\js-foundation\\02-destructuring.ts": {"path":"C:\\Users\\Lenovo\\Documents\\Loopcrack\\curso-nodejs\\curso-nodejs\\seccion5\\src\\js-foundation\\02-destructuring.ts","all":false,"statementMap":{"0":{"start":{"line":1,"column":0},"end":{"line":1,"column":63}},"1":{"start":{"line":2,"column":0},"end":{"line":2,"column":58}},"2":{"start":{"line":3,"column":0},"end":{"line":3,"column":0}},"3":{"start":{"line":4,"column":0},"end":{"line":4,"column":0}},"4":{"start":{"line":5,"column":0},"end":{"line":5,"column":57}},"5":{"start":{"line":6,"column":0},"end":{"line":6,"column":34}},"6":{"start":{"line":7,"column":0},"end":{"line":7,"column":20}}},"s":{"0":1,"1":1,"2":1,"3":1,"4":1,"5":1,"6":1},"branchMap":{},"b":{},"fnMap":{},"f":{}}
,"C:\\Users\\Lenovo\\Documents\\Loopcrack\\curso-nodejs\\curso-nodejs\\seccion5\\src\\js-foundation\\03-callbacks.ts": {"path":"C:\\Users\\Lenovo\\Documents\\Loopcrack\\curso-nodejs\\curso-nodejs\\seccion5\\src\\js-foundation\\03-callbacks.ts","all":false,"statementMap":{"0":{"start":{"line":1,"column":0},"end":{"line":1,"column":16}},"1":{"start":{"line":2,"column":0},"end":{"line":2,"column":16}},"2":{"start":{"line":3,"column":0},"end":{"line":3,"column":18}},"3":{"start":{"line":4,"column":0},"end":{"line":4,"column":1}},"4":{"start":{"line":5,"column":0},"end":{"line":5,"column":0}},"5":{"start":{"line":6,"column":0},"end":{"line":6,"column":20}},"6":{"start":{"line":7,"column":0},"end":{"line":7,"column":41}},"7":{"start":{"line":8,"column":0},"end":{"line":8,"column":1}},"8":{"start":{"line":9,"column":0},"end":{"line":9,"column":0}},"9":{"start":{"line":10,"column":0},"end":{"line":10,"column":15}},"10":{"start":{"line":11,"column":0},"end":{"line":11,"column":5}},"11":{"start":{"line":12,"column":0},"end":{"line":12,"column":12}},"12":{"start":{"line":13,"column":0},"end":{"line":13,"column":23}},"13":{"start":{"line":14,"column":0},"end":{"line":14,"column":6}},"14":{"start":{"line":15,"column":0},"end":{"line":15,"column":5}},"15":{"start":{"line":16,"column":0},"end":{"line":16,"column":12}},"16":{"start":{"line":17,"column":0},"end":{"line":17,"column":23}},"17":{"start":{"line":18,"column":0},"end":{"line":18,"column":5}},"18":{"start":{"line":19,"column":0},"end":{"line":19,"column":2}},"19":{"start":{"line":20,"column":0},"end":{"line":20,"column":0}},"20":{"start":{"line":21,"column":0},"end":{"line":21,"column":62}},"21":{"start":{"line":22,"column":0},"end":{"line":22,"column":43}},"22":{"start":{"line":23,"column":0},"end":{"line":23,"column":30}},"23":{"start":{"line":24,"column":0},"end":{"line":24,"column":7}},"24":{"start":{"line":25,"column":0},"end":{"line":25,"column":0}},"25":{"start":{"line":26,"column":0},"end":{"line":26,"column":14}},"26":{"start":{"line":27,"column":0},"end":{"line":27,"column":56}},"27":{"start":{"line":28,"column":0},"end":{"line":28,"column":5}},"28":{"start":{"line":29,"column":0},"end":{"line":29,"column":0}},"29":{"start":{"line":30,"column":0},"end":{"line":30,"column":37}},"30":{"start":{"line":31,"column":0},"end":{"line":31,"column":1}}},"s":{"0":1,"1":1,"2":1,"3":1,"4":1,"5":1,"6":1,"7":1,"8":1,"9":1,"10":1,"11":1,"12":1,"13":1,"14":1,"15":1,"16":1,"17":1,"18":1,"19":1,"20":2,"21":2,"22":3,"23":2,"24":2,"25":2,"26":1,"27":1,"28":1,"29":1,"30":1},"branchMap":{"0":{"type":"branch","line":21,"loc":{"start":{"line":21,"column":0},"end":{"line":31,"column":1}},"locations":[{"start":{"line":21,"column":0},"end":{"line":31,"column":1}}]},"1":{"type":"branch","line":26,"loc":{"start":{"line":26,"column":13},"end":{"line":31,"column":1}},"locations":[{"start":{"line":26,"column":13},"end":{"line":31,"column":1}}]},"2":{"type":"branch","line":22,"loc":{"start":{"line":22,"column":28},"end":{"line":24,"column":5}},"locations":[{"start":{"line":22,"column":28},"end":{"line":24,"column":5}}]}},"b":{"0":[2],"1":[1],"2":[3]},"fnMap":{"0":{"name":"getUserById","decl":{"start":{"line":21,"column":0},"end":{"line":31,"column":1}},"loc":{"start":{"line":21,"column":0},"end":{"line":31,"column":1}},"line":21}},"f":{"0":2}}
,"C:\\Users\\Lenovo\\Documents\\Loopcrack\\curso-nodejs\\curso-nodejs\\seccion5\\src\\js-foundation\\05-factory.ts": {"path":"C:\\Users\\Lenovo\\Documents\\Loopcrack\\curso-nodejs\\curso-nodejs\\seccion5\\src\\js-foundation\\05-factory.ts","all":false,"statementMap":{"0":{"start":{"line":1,"column":0},"end":{"line":1,"column":35}},"1":{"start":{"line":2,"column":0},"end":{"line":2,"column":27}},"2":{"start":{"line":3,"column":0},"end":{"line":3,"column":43}},"3":{"start":{"line":4,"column":0},"end":{"line":4,"column":1}},"4":{"start":{"line":5,"column":0},"end":{"line":5,"column":2}},"5":{"start":{"line":6,"column":0},"end":{"line":6,"column":25}},"6":{"start":{"line":7,"column":0},"end":{"line":7,"column":18}},"7":{"start":{"line":8,"column":0},"end":{"line":8,"column":23}},"8":{"start":{"line":9,"column":0},"end":{"line":9,"column":1}},"9":{"start":{"line":10,"column":0},"end":{"line":10,"column":2}},"10":{"start":{"line":11,"column":0},"end":{"line":11,"column":83}},"11":{"start":{"line":12,"column":0},"end":{"line":12,"column":53}},"12":{"start":{"line":13,"column":0},"end":{"line":13,"column":16}},"13":{"start":{"line":14,"column":0},"end":{"line":14,"column":26}},"14":{"start":{"line":15,"column":0},"end":{"line":15,"column":17}},"15":{"start":{"line":16,"column":0},"end":{"line":16,"column":22}},"16":{"start":{"line":17,"column":0},"end":{"line":17,"column":34}},"17":{"start":{"line":18,"column":0},"end":{"line":18,"column":9}},"18":{"start":{"line":19,"column":0},"end":{"line":19,"column":5}},"19":{"start":{"line":20,"column":0},"end":{"line":20,"column":1}}},"s":{"0":1,"1":1,"2":1,"3":1,"4":1,"5":1,"6":1,"7":1,"8":1,"9":1,"10":1,"11":2,"12":1,"13":1,"14":1,"15":1,"16":1,"17":1,"18":1,"19":2},"branchMap":{"0":{"type":"branch","line":11,"loc":{"start":{"line":11,"column":31},"end":{"line":20,"column":1}},"locations":[{"start":{"line":11,"column":31},"end":{"line":20,"column":1}}]},"1":{"type":"branch","line":12,"loc":{"start":{"line":12,"column":11},"end":{"line":19,"column":5}},"locations":[{"start":{"line":12,"column":11},"end":{"line":19,"column":5}}]}},"b":{"0":[2],"1":[1]},"fnMap":{"0":{"name":"buildMakePerson","decl":{"start":{"line":11,"column":31},"end":{"line":20,"column":1}},"loc":{"start":{"line":11,"column":31},"end":{"line":20,"column":1}},"line":11}},"f":{"0":2}}
,"C:\\Users\\Lenovo\\Documents\\Loopcrack\\curso-nodejs\\curso-nodejs\\seccion5\\src\\js-foundation\\06-promises.ts": {"path":"C:\\Users\\Lenovo\\Documents\\Loopcrack\\curso-nodejs\\curso-nodejs\\seccion5\\src\\js-foundation\\06-promises.ts","all":false,"statementMap":{"0":{"start":{"line":1,"column":0},"end":{"line":1,"column":40}},"1":{"start":{"line":2,"column":0},"end":{"line":2,"column":0}},"2":{"start":{"line":3,"column":0},"end":{"line":3,"column":24}},"3":{"start":{"line":4,"column":0},"end":{"line":4,"column":16}},"4":{"start":{"line":5,"column":0},"end":{"line":5,"column":10}},"5":{"start":{"line":6,"column":0},"end":{"line":6,"column":18}},"6":{"start":{"line":7,"column":0},"end":{"line":7,"column":16}},"7":{"start":{"line":8,"column":0},"end":{"line":8,"column":3}},"8":{"start":{"line":9,"column":0},"end":{"line":9,"column":1}},"9":{"start":{"line":10,"column":0},"end":{"line":10,"column":0}},"10":{"start":{"line":11,"column":0},"end":{"line":11,"column":19}},"11":{"start":{"line":12,"column":0},"end":{"line":12,"column":23}},"12":{"start":{"line":13,"column":0},"end":{"line":13,"column":16}},"13":{"start":{"line":14,"column":0},"end":{"line":14,"column":16}},"14":{"start":{"line":15,"column":0},"end":{"line":15,"column":1}},"15":{"start":{"line":16,"column":0},"end":{"line":16,"column":0}},"16":{"start":{"line":17,"column":0},"end":{"line":17,"column":82}},"17":{"start":{"line":18,"column":0},"end":{"line":18,"column":7}},"18":{"start":{"line":19,"column":0},"end":{"line":19,"column":60}},"19":{"start":{"line":20,"column":0},"end":{"line":20,"column":46}},"20":{"start":{"line":21,"column":0},"end":{"line":21,"column":2}},"21":{"start":{"line":22,"column":0},"end":{"line":22,"column":12}},"22":{"start":{"line":23,"column":0},"end":{"line":23,"column":21}},"23":{"start":{"line":24,"column":0},"end":{"line":24,"column":25}},"24":{"start":{"line":25,"column":0},"end":{"line":25,"column":90}},"25":{"start":{"line":26,"column":0},"end":{"line":26,"column":6}},"26":{"start":{"line":27,"column":0},"end":{"line":27,"column":19}},"27":{"start":{"line":28,"column":0},"end":{"line":28,"column":46}},"28":{"start":{"line":29,"column":0},"end":{"line":29,"column":3}},"29":{"start":{"line":30,"column":0},"end":{"line":30,"column":1}}},"s":{"0":1,"1":1,"2":1,"3":1,"4":1,"5":1,"6":1,"7":1,"8":1,"9":1,"10":1,"11":1,"12":1,"13":1,"14":1,"15":1,"16":1,"17":2,"18":2,"19":2,"20":1,"21":1,"22":1,"23":1,"24":1,"25":1,"26":1,"27":1,"28":1,"29":2},"branchMap":{"0":{"type":"branch","line":17,"loc":{"start":{"line":17,"column":30},"end":{"line":30,"column":1}},"locations":[{"start":{"line":17,"column":30},"end":{"line":30,"column":1}}]},"1":{"type":"branch","line":17,"loc":{"start":{"line":17,"column":80},"end":{"line":30,"column":1}},"locations":[{"start":{"line":17,"column":80},"end":{"line":30,"column":1}}]},"2":{"type":"branch","line":21,"loc":{"start":{"line":21,"column":-2},"end":{"line":29,"column":3}},"locations":[{"start":{"line":21,"column":-2},"end":{"line":29,"column":3}}]},"3":{"type":"branch","line":25,"loc":{"start":{"line":25,"column":31},"end":{"line":25,"column":78}},"locations":[{"start":{"line":25,"column":31},"end":{"line":25,"column":78}}]}},"b":{"0":[2],"1":[2],"2":[1],"3":[1]},"fnMap":{"0":{"name":"getPokemonById","decl":{"start":{"line":17,"column":30},"end":{"line":30,"column":1}},"loc":{"start":{"line":17,"column":30},"end":{"line":30,"column":1}},"line":17}},"f":{"0":2}}
,"C:\\Users\\Lenovo\\Documents\\Loopcrack\\curso-nodejs\\curso-nodejs\\seccion5\\src\\plugins\\get-age.plugin.ts": {"path":"C:\\Users\\Lenovo\\Documents\\Loopcrack\\curso-nodejs\\curso-nodejs\\seccion5\\src\\plugins\\get-age.plugin.ts","all":false,"statementMap":{"0":{"start":{"line":1,"column":0},"end":{"line":1,"column":42}},"1":{"start":{"line":2,"column":0},"end":{"line":2,"column":0}},"2":{"start":{"line":3,"column":0},"end":{"line":3,"column":47}},"3":{"start":{"line":4,"column":0},"end":{"line":4,"column":37}},"4":{"start":{"line":5,"column":0},"end":{"line":5,"column":72}},"5":{"start":{"line":6,"column":0},"end":{"line":6,"column":1}}},"s":{"0":1,"1":1,"2":1,"3":3,"4":3,"5":3},"branchMap":{"0":{"type":"branch","line":3,"loc":{"start":{"line":3,"column":22},"end":{"line":6,"column":1}},"locations":[{"start":{"line":3,"column":22},"end":{"line":6,"column":1}}]}},"b":{"0":[3]},"fnMap":{"0":{"name":"getAge","decl":{"start":{"line":3,"column":22},"end":{"line":6,"column":1}},"loc":{"start":{"line":3,"column":22},"end":{"line":6,"column":1}},"line":3}},"f":{"0":3}}
,"C:\\Users\\Lenovo\\Documents\\Loopcrack\\curso-nodejs\\curso-nodejs\\seccion5\\src\\plugins\\get-id.plugin.ts": {"path":"C:\\Users\\Lenovo\\Documents\\Loopcrack\\curso-nodejs\\curso-nodejs\\seccion5\\src\\plugins\\get-id.plugin.ts","all":false,"statementMap":{"0":{"start":{"line":1,"column":0},"end":{"line":1,"column":36}},"1":{"start":{"line":2,"column":0},"end":{"line":2,"column":0}},"2":{"start":{"line":3,"column":0},"end":{"line":3,"column":30}},"3":{"start":{"line":4,"column":0},"end":{"line":4,"column":18}},"4":{"start":{"line":5,"column":0},"end":{"line":5,"column":1}}},"s":{"0":1,"1":1,"2":1,"3":1,"4":1},"branchMap":{"0":{"type":"branch","line":3,"loc":{"start":{"line":3,"column":23},"end":{"line":5,"column":1}},"locations":[{"start":{"line":3,"column":23},"end":{"line":5,"column":1}}]}},"b":{"0":[1]},"fnMap":{"0":{"name":"getUUID","decl":{"start":{"line":3,"column":23},"end":{"line":5,"column":1}},"loc":{"start":{"line":3,"column":23},"end":{"line":5,"column":1}},"line":3}},"f":{"0":1}}
,"C:\\Users\\Lenovo\\Documents\\Loopcrack\\curso-nodejs\\curso-nodejs\\seccion5\\src\\plugins\\http-client.plugin.ts": {"path":"C:\\Users\\Lenovo\\Documents\\Loopcrack\\curso-nodejs\\curso-nodejs\\seccion5\\src\\plugins\\http-client.plugin.ts","all":false,"statementMap":{"0":{"start":{"line":1,"column":0},"end":{"line":1,"column":26}},"1":{"start":{"line":2,"column":0},"end":{"line":2,"column":0}},"2":{"start":{"line":3,"column":0},"end":{"line":3,"column":33}},"3":{"start":{"line":4,"column":0},"end":{"line":4,"column":0}},"4":{"start":{"line":5,"column":0},"end":{"line":5,"column":31}},"5":{"start":{"line":6,"column":0},"end":{"line":6,"column":42}},"6":{"start":{"line":7,"column":0},"end":{"line":7,"column":16}},"7":{"start":{"line":8,"column":0},"end":{"line":8,"column":4}},"8":{"start":{"line":9,"column":0},"end":{"line":9,"column":0}},"9":{"start":{"line":10,"column":0},"end":{"line":10,"column":44}},"10":{"start":{"line":11,"column":0},"end":{"line":11,"column":39}},"11":{"start":{"line":12,"column":0},"end":{"line":12,"column":4}},"12":{"start":{"line":13,"column":0},"end":{"line":13,"column":43}},"13":{"start":{"line":14,"column":0},"end":{"line":14,"column":39}},"14":{"start":{"line":15,"column":0},"end":{"line":15,"column":4}},"15":{"start":{"line":16,"column":0},"end":{"line":16,"column":34}},"16":{"start":{"line":17,"column":0},"end":{"line":17,"column":39}},"17":{"start":{"line":18,"column":0},"end":{"line":18,"column":4}},"18":{"start":{"line":19,"column":0},"end":{"line":19,"column":0}},"19":{"start":{"line":20,"column":0},"end":{"line":20,"column":2}}},"s":{"0":1,"1":1,"2":1,"3":1,"4":1,"5":3,"6":2,"7":3,"8":1,"9":1,"10":0,"11":0,"12":1,"13":0,"14":0,"15":1,"16":0,"17":0,"18":1,"19":1},"branchMap":{"0":{"type":"branch","line":5,"loc":{"start":{"line":5,"column":7},"end":{"line":8,"column":4}},"locations":[{"start":{"line":5,"column":7},"end":{"line":8,"column":4}}]},"1":{"type":"branch","line":5,"loc":{"start":{"line":5,"column":29},"end":{"line":8,"column":3}},"locations":[{"start":{"line":5,"column":29},"end":{"line":8,"column":3}}]},"2":{"type":"branch","line":7,"loc":{"start":{"line":7,"column":-2},"end":{"line":8,"column":3}},"locations":[{"start":{"line":7,"column":-2},"end":{"line":8,"column":3}}]}},"b":{"0":[3],"1":[3],"2":[2]},"fnMap":{"0":{"name":"get","decl":{"start":{"line":5,"column":7},"end":{"line":8,"column":4}},"loc":{"start":{"line":5,"column":7},"end":{"line":8,"column":4}},"line":5},"1":{"name":"post","decl":{"start":{"line":10,"column":8},"end":{"line":12,"column":4}},"loc":{"start":{"line":10,"column":8},"end":{"line":12,"column":4}},"line":10},"2":{"name":"put","decl":{"start":{"line":13,"column":7},"end":{"line":15,"column":4}},"loc":{"start":{"line":13,"column":7},"end":{"line":15,"column":4}},"line":13},"3":{"name":"delete","decl":{"start":{"line":16,"column":10},"end":{"line":18,"column":4}},"loc":{"start":{"line":16,"column":10},"end":{"line":18,"column":4}},"line":16}},"f":{"0":3,"1":0,"2":0,"3":0}}
,"C:\\Users\\Lenovo\\Documents\\Loopcrack\\curso-nodejs\\curso-nodejs\\seccion5\\src\\plugins\\index.ts": {"path":"C:\\Users\\Lenovo\\Documents\\Loopcrack\\curso-nodejs\\curso-nodejs\\seccion5\\src\\plugins\\index.ts","all":false,"statementMap":{"0":{"start":{"line":1,"column":0},"end":{"line":1,"column":42}},"1":{"start":{"line":2,"column":0},"end":{"line":2,"column":42}},"2":{"start":{"line":3,"column":0},"end":{"line":3,"column":70}},"3":{"start":{"line":4,"column":0},"end":{"line":4,"column":46}}},"s":{"0":1,"1":1,"2":1,"3":1},"branchMap":{"0":{"type":"branch","line":1,"loc":{"start":{"line":1,"column":9},"end":{"line":1,"column":42}},"locations":[{"start":{"line":1,"column":9},"end":{"line":1,"column":42}}]},"1":{"type":"branch","line":2,"loc":{"start":{"line":2,"column":9},"end":{"line":2,"column":42}},"locations":[{"start":{"line":2,"column":9},"end":{"line":2,"column":42}}]},"2":{"type":"branch","line":3,"loc":{"start":{"line":3,"column":9},"end":{"line":3,"column":39}},"locations":[{"start":{"line":3,"column":9},"end":{"line":3,"column":39}}]}},"b":{"0":[3],"1":[1],"2":[2]},"fnMap":{"0":{"name":"get","decl":{"start":{"line":1,"column":9},"end":{"line":1,"column":42}},"loc":{"start":{"line":1,"column":9},"end":{"line":1,"column":42}},"line":1},"1":{"name":"get","decl":{"start":{"line":2,"column":9},"end":{"line":2,"column":42}},"loc":{"start":{"line":2,"column":9},"end":{"line":2,"column":42}},"line":2},"2":{"name":"get","decl":{"start":{"line":3,"column":9},"end":{"line":3,"column":39}},"loc":{"start":{"line":3,"column":9},"end":{"line":3,"column":39}},"line":3},"3":{"name":"get","decl":{"start":{"line":4,"column":9},"end":{"line":4,"column":46}},"loc":{"start":{"line":4,"column":9},"end":{"line":4,"column":46}},"line":4}},"f":{"0":3,"1":1,"2":2,"3":0}}
,"C:\\Users\\Lenovo\\Documents\\Loopcrack\\curso-nodejs\\curso-nodejs\\seccion5\\src\\plugins\\logger.plugin.ts": {"path":"C:\\Users\\Lenovo\\Documents\\Loopcrack\\curso-nodejs\\curso-nodejs\\seccion5\\src\\plugins\\logger.plugin.ts","all":false,"statementMap":{"0":{"start":{"line":1,"column":0},"end":{"line":1,"column":42}},"1":{"start":{"line":2,"column":0},"end":{"line":2,"column":44}},"2":{"start":{"line":3,"column":0},"end":{"line":3,"column":0}},"3":{"start":{"line":4,"column":0},"end":{"line":4,"column":44}},"4":{"start":{"line":5,"column":0},"end":{"line":5,"column":16}},"5":{"start":{"line":6,"column":0},"end":{"line":6,"column":40}},"6":{"start":{"line":7,"column":0},"end":{"line":7,"column":45}},"7":{"start":{"line":8,"column":0},"end":{"line":8,"column":15}},"8":{"start":{"line":9,"column":0},"end":{"line":9,"column":6}},"9":{"start":{"line":10,"column":0},"end":{"line":10,"column":79}},"10":{"start":{"line":11,"column":0},"end":{"line":11,"column":81}},"11":{"start":{"line":12,"column":0},"end":{"line":12,"column":6}},"12":{"start":{"line":13,"column":0},"end":{"line":13,"column":75}},"13":{"start":{"line":14,"column":0},"end":{"line":14,"column":62}},"14":{"start":{"line":15,"column":0},"end":{"line":15,"column":4}},"15":{"start":{"line":16,"column":0},"end":{"line":16,"column":3}},"16":{"start":{"line":17,"column":0},"end":{"line":17,"column":0}},"17":{"start":{"line":18,"column":0},"end":{"line":18,"column":43}},"18":{"start":{"line":19,"column":0},"end":{"line":19,"column":36}},"19":{"start":{"line":20,"column":0},"end":{"line":20,"column":4}},"20":{"start":{"line":21,"column":0},"end":{"line":21,"column":0}},"21":{"start":{"line":22,"column":0},"end":{"line":22,"column":46}},"22":{"start":{"line":23,"column":0},"end":{"line":23,"column":12}},"23":{"start":{"line":24,"column":0},"end":{"line":24,"column":34}},"24":{"start":{"line":25,"column":0},"end":{"line":25,"column":49}},"25":{"start":{"line":26,"column":0},"end":{"line":26,"column":8}},"26":{"start":{"line":27,"column":0},"end":{"line":27,"column":36}},"27":{"start":{"line":28,"column":0},"end":{"line":28,"column":51}},"28":{"start":{"line":29,"column":0},"end":{"line":29,"column":8}},"29":{"start":{"line":30,"column":0},"end":{"line":30,"column":5}},"30":{"start":{"line":31,"column":0},"end":{"line":31,"column":1}}},"s":{"0":1,"1":1,"2":1,"3":1,"4":1,"5":1,"6":1,"7":1,"8":1,"9":1,"10":1,"11":1,"12":1,"13":1,"14":1,"15":1,"16":1,"17":1,"18":1,"19":1,"20":1,"21":2,"22":2,"23":2,"24":1,"25":2,"26":2,"27":0,"28":2,"29":2,"30":2},"branchMap":{"0":{"type":"branch","line":22,"loc":{"start":{"line":22,"column":0},"end":{"line":31,"column":1}},"locations":[{"start":{"line":22,"column":0},"end":{"line":31,"column":1}}]},"1":{"type":"branch","line":24,"loc":{"start":{"line":24,"column":11},"end":{"line":26,"column":7}},"locations":[{"start":{"line":24,"column":11},"end":{"line":26,"column":7}}]}},"b":{"0":[2],"1":[1]},"fnMap":{"0":{"name":"buildLogger","decl":{"start":{"line":22,"column":0},"end":{"line":31,"column":1}},"loc":{"start":{"line":22,"column":0},"end":{"line":31,"column":1}},"line":22},"1":{"name":"log","decl":{"start":{"line":24,"column":11},"end":{"line":26,"column":7}},"loc":{"start":{"line":24,"column":11},"end":{"line":26,"column":7}},"line":24},"2":{"name":"error","decl":{"start":{"line":27,"column":13},"end":{"line":29,"column":7}},"loc":{"start":{"line":27,"column":13},"end":{"line":29,"column":7}},"line":27}},"f":{"0":2,"1":1,"2":0}}
}
